

             微信机器人(个人号) : 非腾讯官方出品, 仅限于个人使用!"
                                  _____
                                 |     |
                                 | | | |
                                 |_____|
                           ____ ___|_|___ ____
                          ()___)         ()___)
                          // /|           |\ \\
                         // / |           | \ \\
                        (___) |___________| (___)
                        (___)   (_______)   (___)
                        (___)     (___)     (___)
                        (___)      |_|      (___)
                        (___)  ___/___\___   | |
                         | |  |           |  | |
                         | |  |___________| /___\
                        /___\  |||     ||| //   \\
                       //   \\ |||     ||| \\   //
                       \\   // |||     |||  \\ //
                        \\ // ()__)   (__()
                              ///       \\\
                             ///         \\\
                           _///___     ___\\\_
                          |_______|   |_______|


                         再小的个体也能有个机器人:)
                            info: i@xun.im
    

解析关键字自动回复配置文件(conf/robot.conf): 
关键字: 你好 自动回复:  约吗？
关键字: 哪儿见 自动回复:  老地方
关键字: 在吗 自动回复:  开会，忙

解析图灵机器人配置文件(conf/tuling.conf): 
API地址: http://www.tuling123.com/openapi/api
Key: 34b73e523c02045a9701387b66ad63db
图灵机器人接入测试: Api地址:http://www.tuling123.com/openapi/api?key=34b73e523c02045a9701387b66ad63db&info=
图灵机器人接入成功!

启动微信中,请稍后...
微信登录....
请点击链接打开web微信二维码,并用手机微信扫一扫登录:
 https://login.weixin.qq.com/qrcode/Yf-KtzgRqg==
登录成功,已变身机器人! 
快让好友给你发条消息试试!
收到消息:
Oasis: 你好[调皮] 回复:  约吗？
收到消息:
Oasis: 今晚哪儿见面？ 回复:  老地方
收到消息:
Oasis: 今天北京天气怎么样？ 回复: 北京:03/02 周三,2-14° 2° 多云转霾 无持续风微风;03/03 周四,4-14° 多云 无持续风微风;03/04 周五,5-12° 阴 北风3-4级;惊蛰 周六,0-10° 晴 无持续风微风;
收到消息:
Oasis: 你是机器人？ 回复: 我有一半是机器人
收到消息:
Oasis: 另外一半呢？ 回复: 我没有另一半呢
收到消息:
Oasis: 下面那一半也没有吗？ 回复: 朋友你真是有才
收到消息:
Oasis: 好吧 回复: 嗯，你答应了我就开心了
